<?xml version="1.0" encoding="UTF-8" ?>
<testsuite tests="9" failures="0" name="com.szemplinski.pawel.CheckoutTest" time="0.045" errors="0" skipped="0">
  <properties>
[...]
</properties>
  <testcase classname="com.szemplinski.pawel.CheckoutTest" name="testBuy3CheapestFree" time="0.011"/>
  <testcase classname="com.szemplinski.pawel.CheckoutTest" name="testMultiplePromotions" time="0.008"/>
  <testcase classname="com.szemplinski.pawel.CheckoutTest" name="testBuy2Promo" time="0.004"/>
  <testcase classname="com.szemplinski.pawel.CheckoutTest" name="testEmptyCart" time="0.004"/>
  <testcase classname="com.szemplinski.pawel.CheckoutTest" name="testCartWithoutPromotions" time="0.002"/>
  <testcase classname="com.szemplinski.pawel.CheckoutTest" name="testBuyNXGetKY" time="0.011"/>
  <testcase classname="com.szemplinski.pawel.CheckoutTest" name="testMultiplePromotions2" time="0.001"/>
  <testcase classname="com.szemplinski.pawel.CheckoutTest" name="testNullCkecks" time="0.003"/>
  <testcase classname="com.szemplinski.pawel.CheckoutTest" name="testBuy3PayFor2Promo" time="0.001"/>
</testsuite>